adam_ckpt_driving_adamw step_200: wrote 5209 tensor rows
adam_ckpt_driving_adamw step_400: wrote 5209 tensor rows
adam_ckpt_driving_adamw step_600: wrote 5209 tensor rows
adam_ckpt_driving_adamw step_800: wrote 5209 tensor rows
adam_ckpt_driving_adamw step_1000: wrote 5209 tensor rows
adam_ckpt_driving_adamw step_1200: wrote 5209 tensor rows
adam_ckpt_driving_adamw step_1400: wrote 5209 tensor rows
adam_ckpt_driving_adamw step_1600: wrote 5209 tensor rows
adam_ckpt_driving_adamw step_1800: wrote 5209 tensor rows
adam_ckpt_driving_adamw step_2000: wrote 5209 tensor rows
adam_ckpt_driving_fullft_adamw step_200: wrote 5209 tensor rows
adam_ckpt_driving_fullft_adamw step_400: wrote 5209 tensor rows
adam_ckpt_driving_fullft_muon step_200: wrote 5209 tensor rows
adam_ckpt_driving_fullft_muon step_400: wrote 5209 tensor rows
adam_ckpt_driving_muon step_200: wrote 5209 tensor rows
adam_ckpt_driving_muon step_400: wrote 5209 tensor rows
adam_ckpt_driving_muon step_600: wrote 5209 tensor rows
adam_ckpt_driving_muon step_800: wrote 5209 tensor rows
adam_ckpt_driving_muon step_1000: wrote 5209 tensor rows
adam_ckpt_driving_muon step_1200: wrote 5209 tensor rows
adam_ckpt_driving_muon step_1400: wrote 5209 tensor rows
adam_ckpt_driving_muon step_1600: wrote 5209 tensor rows
adam_ckpt_driving_muon step_1800: wrote 5209 tensor rows
adam_ckpt_driving_muon step_2000: wrote 5209 tensor rows
muon_ckpt_driving_adamw step_200: wrote 5209 tensor rows
muon_ckpt_driving_adamw step_400: wrote 5209 tensor rows
muon_ckpt_driving_adamw step_600: wrote 5209 tensor rows
muon_ckpt_driving_adamw step_800: wrote 5209 tensor rows
muon_ckpt_driving_adamw step_1000: wrote 5209 tensor rows
muon_ckpt_driving_adamw step_1200: wrote 5209 tensor rows
muon_ckpt_driving_adamw step_1400: wrote 5209 tensor rows
muon_ckpt_driving_adamw step_1600: wrote 5209 tensor rows
muon_ckpt_driving_adamw step_1800: wrote 5209 tensor rows
muon_ckpt_driving_adamw step_2000: wrote 5209 tensor rows
muon_ckpt_driving_fullft_adamw step_200: wrote 5209 tensor rows
muon_ckpt_driving_fullft_adamw step_400: wrote 5209 tensor rows
muon_ckpt_driving_fullft_muon step_200: wrote 5209 tensor rows
muon_ckpt_driving_fullft_muon step_400: wrote 5209 tensor rows
muon_ckpt_driving_muon step_200: wrote 5209 tensor rows
muon_ckpt_driving_muon step_400: wrote 5209 tensor rows
muon_ckpt_driving_muon step_600: wrote 5209 tensor rows
muon_ckpt_driving_muon step_800: wrote 5209 tensor rows
muon_ckpt_driving_muon step_1000: wrote 5209 tensor rows
muon_ckpt_driving_muon step_1200: wrote 5209 tensor rows
muon_ckpt_driving_muon step_1400: wrote 5209 tensor rows
muon_ckpt_driving_muon step_1600: wrote 5209 tensor rows
muon_ckpt_driving_muon step_1800: wrote 5209 tensor rows
muon_ckpt_driving_muon step_2000: wrote 5209 tensor rows
skip muon_ckpt_fineweb_fullft_muon: no step_* checkpoints
